2020-06-19 10:47:06 [scrapy.utils.log] INFO: Scrapy 2.1.0 started (bot: scrapy_zh)
2020-06-19 10:47:06 [scrapy.utils.log] INFO: Versions: lxml 4.1.1.0, libxml2 2.9.7, cssselect 1.1.0, parsel 1.6.0, w3lib 1.22.0, Twisted 20.3.0, Python 3.6.4 |Anaconda, Inc.| (default, Jan 16 2018, 10:22:32) [MSC v.1900 64 bit (AMD64)], pyOpenSSL 17.5.0 (OpenSSL 1.0.2t  10 Sep 2019), cryptography 2.1.4, Platform Windows-10-10.0.17763
2020-06-19 10:47:06 [scrapy.crawler] INFO: Overridden settings:
{'BOT_NAME': 'scrapy_zh',
 'LOG_FILE': 'C:\\Users\\Sonny\\Desktop\\scrapy_zh\\scrapy_zh\\scrapy_zh/logs/baidu_spider_20200619-104705.log',
 'LOG_LEVEL': 'INFO',
 'NEWSPIDER_MODULE': 'scrapy_zh.spiders',
 'SPIDER_MODULES': ['scrapy_zh.spiders']}
2020-06-19 10:47:06 [scrapy.extensions.telnet] INFO: Telnet Password: a4ca91045d102afd
2020-06-19 10:47:06 [scrapy.middleware] INFO: Enabled extensions:
['scrapy.extensions.corestats.CoreStats',
 'scrapy.extensions.telnet.TelnetConsole',
 'scrapy.extensions.logstats.LogStats']
2020-06-19 10:47:11 [scrapy.middleware] INFO: Enabled downloader middlewares:
['scrapy.downloadermiddlewares.httpauth.HttpAuthMiddleware',
 'scrapy.downloadermiddlewares.downloadtimeout.DownloadTimeoutMiddleware',
 'scrapy.downloadermiddlewares.defaultheaders.DefaultHeadersMiddleware',
 'scrapy.downloadermiddlewares.useragent.UserAgentMiddleware',
 'scrapy_zh.middlewares.SeleniumMiddleware',
 'scrapy.downloadermiddlewares.retry.RetryMiddleware',
 'scrapy.downloadermiddlewares.redirect.MetaRefreshMiddleware',
 'scrapy.downloadermiddlewares.httpcompression.HttpCompressionMiddleware',
 'scrapy.downloadermiddlewares.redirect.RedirectMiddleware',
 'scrapy.downloadermiddlewares.cookies.CookiesMiddleware',
 'scrapy.downloadermiddlewares.httpproxy.HttpProxyMiddleware',
 'scrapy.downloadermiddlewares.stats.DownloaderStats']
2020-06-19 10:47:11 [scrapy.middleware] INFO: Enabled spider middlewares:
['scrapy.spidermiddlewares.httperror.HttpErrorMiddleware',
 'scrapy.spidermiddlewares.offsite.OffsiteMiddleware',
 'scrapy.spidermiddlewares.referer.RefererMiddleware',
 'scrapy.spidermiddlewares.urllength.UrlLengthMiddleware',
 'scrapy.spidermiddlewares.depth.DepthMiddleware']
2020-06-19 10:47:11 [scrapy.middleware] INFO: Enabled item pipelines:
['scrapy_zh.pipelines.NewsPipleline']
2020-06-19 10:47:11 [scrapy.core.engine] INFO: Spider opened
2020-06-19 10:47:11 [scrapy.extensions.logstats] INFO: Crawled 0 pages (at 0 pages/min), scraped 0 items (at 0 items/min)
2020-06-19 10:47:11 [scrapy.extensions.telnet] INFO: Telnet console listening on 127.0.0.1:6023
2020-06-19 10:47:11 [scrapy.crawler] INFO: Overridden settings:
{'BOT_NAME': 'scrapy_zh',
 'LOG_FILE': 'C:\\Users\\Sonny\\Desktop\\scrapy_zh\\scrapy_zh\\scrapy_zh/logs/baidu_spider_20200619-104705.log',
 'LOG_LEVEL': 'INFO',
 'NEWSPIDER_MODULE': 'scrapy_zh.spiders',
 'SPIDER_MODULES': ['scrapy_zh.spiders']}
2020-06-19 10:47:11 [scrapy.extensions.telnet] INFO: Telnet Password: fe353356badad030
2020-06-19 10:47:11 [scrapy.middleware] INFO: Enabled extensions:
['scrapy.extensions.corestats.CoreStats',
 'scrapy.extensions.telnet.TelnetConsole',
 'scrapy.extensions.logstats.LogStats']
2020-06-19 10:47:14 [scrapy.middleware] INFO: Enabled downloader middlewares:
['scrapy.downloadermiddlewares.httpauth.HttpAuthMiddleware',
 'scrapy.downloadermiddlewares.downloadtimeout.DownloadTimeoutMiddleware',
 'scrapy.downloadermiddlewares.defaultheaders.DefaultHeadersMiddleware',
 'scrapy.downloadermiddlewares.useragent.UserAgentMiddleware',
 'scrapy_zh.middlewares.SeleniumMiddleware',
 'scrapy.downloadermiddlewares.retry.RetryMiddleware',
 'scrapy.downloadermiddlewares.redirect.MetaRefreshMiddleware',
 'scrapy.downloadermiddlewares.httpcompression.HttpCompressionMiddleware',
 'scrapy.downloadermiddlewares.redirect.RedirectMiddleware',
 'scrapy.downloadermiddlewares.cookies.CookiesMiddleware',
 'scrapy.downloadermiddlewares.httpproxy.HttpProxyMiddleware',
 'scrapy.downloadermiddlewares.stats.DownloaderStats']
2020-06-19 10:47:14 [scrapy.middleware] INFO: Enabled spider middlewares:
['scrapy.spidermiddlewares.httperror.HttpErrorMiddleware',
 'scrapy.spidermiddlewares.offsite.OffsiteMiddleware',
 'scrapy.spidermiddlewares.referer.RefererMiddleware',
 'scrapy.spidermiddlewares.urllength.UrlLengthMiddleware',
 'scrapy.spidermiddlewares.depth.DepthMiddleware']
2020-06-19 10:47:14 [scrapy.middleware] INFO: Enabled item pipelines:
['scrapy_zh.pipelines.NewsPipleline']
2020-06-19 10:47:14 [scrapy.core.engine] INFO: Spider opened
2020-06-19 10:47:14 [scrapy.extensions.logstats] INFO: Crawled 0 pages (at 0 pages/min), scraped 0 items (at 0 items/min)
2020-06-19 10:47:14 [scrapy.extensions.telnet] INFO: Telnet console listening on 127.0.0.1:6024
2020-06-19 10:47:14 [scrapy.crawler] INFO: Overridden settings:
{'BOT_NAME': 'scrapy_zh',
 'LOG_FILE': 'C:\\Users\\Sonny\\Desktop\\scrapy_zh\\scrapy_zh\\scrapy_zh/logs/baidu_spider_20200619-104705.log',
 'LOG_LEVEL': 'INFO',
 'NEWSPIDER_MODULE': 'scrapy_zh.spiders',
 'SPIDER_MODULES': ['scrapy_zh.spiders']}
2020-06-19 10:47:14 [scrapy.extensions.telnet] INFO: Telnet Password: a313956bb8f2ee62
2020-06-19 10:47:14 [scrapy.middleware] INFO: Enabled extensions:
['scrapy.extensions.corestats.CoreStats',
 'scrapy.extensions.telnet.TelnetConsole',
 'scrapy.extensions.logstats.LogStats']
