2020-06-17 16:26:57 [scrapy.utils.log] INFO: Scrapy 1.7.3 started (bot: scrapy_zh)
2020-06-17 16:26:57 [scrapy.utils.log] INFO: Versions: lxml 4.4.1.0, libxml2 2.9.9, cssselect 1.1.0, parsel 1.5.2, w3lib 1.21.0, Twisted 19.7.0, Python 3.6.3 (v3.6.3:2c5fed86e0, Oct  3 2017, 00:32:08) - [GCC 4.2.1 (Apple Inc. build 5666) (dot 3)], pyOpenSSL 19.0.0 (OpenSSL 1.1.1c  28 May 2019), cryptography 2.7, Platform Darwin-19.3.0-x86_64-i386-64bit
2020-06-17 16:26:57 [scrapy.crawler] INFO: Overridden settings: {'BOT_NAME': 'scrapy_zh', 'LOG_FILE': '/Users/halren/Study/Projects/Python/scrapy_zh/scrapy_zh/logs/baidu_spider_20200617-162656.log', 'LOG_LEVEL': 'INFO', 'NEWSPIDER_MODULE': 'scrapy_zh.spiders', 'SPIDER_MODULES': ['scrapy_zh.spiders']}
2020-06-17 16:26:57 [scrapy.extensions.telnet] INFO: Telnet Password: 698b5d65b4ef12f0
2020-06-17 16:26:57 [scrapy.middleware] INFO: Enabled extensions:
['scrapy.extensions.corestats.CoreStats',
 'scrapy.extensions.telnet.TelnetConsole',
 'scrapy.extensions.memusage.MemoryUsage',
 'scrapy.extensions.logstats.LogStats']
2020-06-17 16:27:00 [scrapy.middleware] INFO: Enabled downloader middlewares:
['scrapy.downloadermiddlewares.httpauth.HttpAuthMiddleware',
 'scrapy.downloadermiddlewares.downloadtimeout.DownloadTimeoutMiddleware',
 'scrapy.downloadermiddlewares.defaultheaders.DefaultHeadersMiddleware',
 'scrapy.downloadermiddlewares.useragent.UserAgentMiddleware',
 'scrapy_zh.middlewares.SeleniumMiddleware',
 'scrapy.downloadermiddlewares.retry.RetryMiddleware',
 'scrapy.downloadermiddlewares.redirect.MetaRefreshMiddleware',
 'scrapy.downloadermiddlewares.httpcompression.HttpCompressionMiddleware',
 'scrapy.downloadermiddlewares.redirect.RedirectMiddleware',
 'scrapy.downloadermiddlewares.cookies.CookiesMiddleware',
 'scrapy.downloadermiddlewares.httpproxy.HttpProxyMiddleware',
 'scrapy.downloadermiddlewares.stats.DownloaderStats']
2020-06-17 16:27:00 [scrapy.middleware] INFO: Enabled spider middlewares:
['scrapy.spidermiddlewares.httperror.HttpErrorMiddleware',
 'scrapy.spidermiddlewares.offsite.OffsiteMiddleware',
 'scrapy.spidermiddlewares.referer.RefererMiddleware',
 'scrapy.spidermiddlewares.urllength.UrlLengthMiddleware',
 'scrapy.spidermiddlewares.depth.DepthMiddleware']
2020-06-17 16:27:00 [scrapy.middleware] INFO: Enabled item pipelines:
['scrapy_zh.pipelines.NewsPipleline']
2020-06-17 16:27:00 [scrapy.core.engine] INFO: Spider opened
2020-06-17 16:27:00 [scrapy.extensions.logstats] INFO: Crawled 0 pages (at 0 pages/min), scraped 0 items (at 0 items/min)
2020-06-17 16:27:00 [scrapy.extensions.telnet] INFO: Telnet console listening on 127.0.0.1:6023
2020-06-17 16:27:00 [root] INFO: start request keyword=医疗 人民网, spiderDataFile=news-1.json
2020-06-17 16:27:01 [root] INFO: **start parse, keyword=医疗 人民网 pageNum=1
2020-06-17 16:27:01 [root] INFO: pageNum=1, pageCount=1	信凯尔携手慈铭博鳌,带来美式三代试管新体验	https://city.shenchuang.com/city/20200617/1546587.shtml	深圳之窗	51分钟前
2020-06-17 16:27:01 [root] INFO: pageNum=1, pageCount=2	西安市中心医院:大数据疏通医疗资源堵点小细节筑起医患沟通桥梁	http://sn.people.com.cn/GB/n2/2020/0617/c380804-34094171.html	人民网陕西站	1小时前
2020-06-17 16:27:01 [root] INFO: pageNum=1, pageCount=3	全时段预约就诊厦门医疗机构加强常态化疫情防控	http://fj.people.com.cn/BIG5/n2/2020/0617/c181466-34094153.html	人民网	1小时前
2020-06-17 16:27:01 [root] INFO: pageNum=1, pageCount=4	人民体育助力四川体育产业发展	http://sports.people.com.cn/BIG5/n1/2020/0617/c202403-31750393.html	人民网	2小时前
2020-06-17 16:27:01 [root] INFO: pageNum=1, pageCount=5	第三届进博会边招展边对接	https://m.youth.cn/qwtx/xxl/202006/t20200617_12372560.htm	中国青年网	2小时前
2020-06-17 16:27:01 [root] INFO: pageNum=1, pageCount=6	陕西新增境外输入确诊病例1例新增境外输入无症状感染者1例	http://sn.people.com.cn/GB/n2/2020/0617/c226647-34093942.html	人民网陕西站	2小时前
2020-06-17 16:27:01 [root] INFO: pageNum=1, pageCount=7	跨省倾倒填埋医疗危险废物1150余吨	http://health.china.com.cn/2020-06/17/content_41189071.htm	中国网	5小时前
2020-06-17 16:27:15 [root] INFO: pageNum=1, pageCount=8	云南一招聘考试被指系外省原题通报:正核实	http://yn.people.com.cn/GB/n2/2020/0617/c378439-34093690.html	人民网	5小时前
2020-06-17 16:27:15 [root] INFO: pageNum=1, pageCount=9	健康体检未查出异常,体检中心是否赔偿	http://gz.people.com.cn/BIG5/n2/2020/0617/c344109-34093630.html	人民网贵州站	5小时前
2020-06-17 16:27:15 [root] INFO: pageNum=1, pageCount=10	大连医疗援藏填补西藏那曲索县医学科研空白	http://xz.people.com.cn/BIG5/n2/2020/0617/c138901-34093593.html	人民网	5小时前
2020-06-17 16:27:15 [root] INFO: pageNum=2
2020-06-17 16:27:15 [root] INFO: https://www.baidu.com/s?wd=%D2%BD%C1%C6+%C8%CB%C3%F1%CD%F8&cl=2&tn=news&rtt=4&pn=10
2020-06-17 16:27:19 [root] INFO: **start parse, keyword=医疗 人民网 pageNum=2
2020-06-17 16:27:19 [root] INFO: pageNum=2, pageCount=11	关于发挥医疗机构哨点作用做好常态化疫情防控工作的通知	http://yuqing.people.com.cn/BIG5/n1/2020/0615/c429253-31747519.html	人民网	2020年06月15日
2020-06-17 16:27:20 [root] INFO: pageNum=2, pageCount=12	海航包机护送援苏丹抗疫医疗专家返渝	http://www.rmjtxw.com/news/hk/116514.html	人民交通网	2020年06月15日
2020-06-17 16:27:20 [root] INFO: pageNum=2, pageCount=13	庆云县人民医院医生赴重庆医疗帮扶手把手传授CT检查知识	http://www.dezhoudaily.com/p/1509667.html	德州新闻网	2020年06月15日
2020-06-17 16:27:20 [root] INFO: pageNum=2, pageCount=14	全市医疗机构就诊发热人员全部“1+3检查”	http://www.rmzxb.com.cn/c/2020-06-15/2592901.shtml	人民政协网	2020年06月15日
2020-06-17 16:27:20 [root] INFO: pageNum=2, pageCount=15	我市老年人享受医疗服务更便捷	http://www.taiyuan.gov.cn/doc/2020/06/15/986109.shtml	太原市人..	2020年06月15日
2020-06-17 16:27:20 [root] INFO: pageNum=2, pageCount=16	广州地区设置发热门诊医疗机构名单	http://www.gz.gov.cn/zwgk/zdly/ylwsjg/bstjylfwxxgk/content/post_5925080.html	广州政府门户网	2020年06月15日
2020-06-17 16:27:20 [root] INFO: pageNum=2, pageCount=17	中国赴塞尔维亚抗疫医疗专家组结束在塞尔维亚近3个月的工作	http://society.people.com.cn/n1/2020/0613/c1008-31745812.html	人民网	2020年06月13日
2020-06-17 16:27:20 [root] INFO: pageNum=2, pageCount=18	文山州人民医院带你学习生活医疗小常识	https://3g.163.com/news/article/FEUJBRE905378VD2.html	网易新闻	2020年06月12日
2020-06-17 16:27:20 [root] INFO: pageNum=2, pageCount=19	外交部:中方向巴勒斯坦派遣医疗专家组	http://www.mzyfz.com/cms/guojifazhi/fazhibaodao/zuixinzixun/html/803/2020-06-11/content-1429393.html	民主与法制网	2020年06月11日
2020-06-17 16:27:20 [root] INFO: pageNum=2, pageCount=20	苏丹过渡政府总理会见中国政府援苏抗疫医疗专家组	http://world.people.com.cn/n1/2020/0611/c1002-31742717.html	人民网	2020年06月11日
2020-06-17 16:27:40 [scrapy.core.engine] INFO: Closing spider (finished)
2020-06-17 16:27:40 [scrapy.statscollectors] INFO: Dumping Scrapy stats:
{'downloader/response_bytes': 1005551,
 'downloader/response_count': 22,
 'downloader/response_status_count/200': 22,
 'elapsed_time_seconds': 40.661059,
 'finish_reason': 'finished',
 'finish_time': datetime.datetime(2020, 6, 17, 8, 27, 40, 739067),
 'item_scraped_count': 20,
 'log_count/INFO': 35,
 'memusage/max': 70643712,
 'memusage/startup': 70643712,
 'request_depth_max': 2,
 'response_received_count': 22,
 'scheduler/dequeued': 22,
 'scheduler/dequeued/memory': 22,
 'scheduler/enqueued': 22,
 'scheduler/enqueued/memory': 22,
 'start_time': datetime.datetime(2020, 6, 17, 8, 27, 0, 78008)}
2020-06-17 16:27:40 [scrapy.core.engine] INFO: Spider closed (finished)
